Build started 4/10/2015 6:36:17 PM.
     1>Project "C:\Users\Aakash\Documents\Visual Studio 2013\Projects\ProjectOOD2\ProjectOOD2\ProjectOOD2.vcxproj" on node 2 (Rebuild target(s)).
     1>ClCompile:
         C:\Program Files (x86)\Microsoft Visual Studio 12.0\VC\bin\CL.exe /c /ZI /nologo /W3 /WX- /sdl /Od /Oy- /D _MBCS /Gm /EHsc /RTC1 /MDd /GS /fp:precise /Zc:wchar_t /Zc:forScope /Fo"Debug\\" /Fd"Debug\vc120.pdb" /Gd /TP /analyze- /errorReport:prompt ..\Display\display.cpp ..\XmlDocument\XmlDocument\XmlDocument.cpp ..\XmlDocument\XmlElement\XmlElement.cpp ..\XmlReader\XmlReader\XmlReader.cpp Executive.cpp
         Executive.cpp
         XmlReader.cpp
         XmlElement.cpp
         XmlDocument.cpp
         display.cpp
         Generating Code...
     1>c:\users\aakash\documents\visual studio 2013\projects\projectood2\xmlreader\xmlreader\xmlreader.cpp(141): warning C4715: 'XmlReader::element' : not all control paths return a value
       Link:
         C:\Program Files (x86)\Microsoft Visual Studio 12.0\VC\bin\link.exe /ERRORREPORT:PROMPT /OUT:"C:\Users\Aakash\Documents\Visual Studio 2013\Projects\ProjectOOD2\Debug\Executive.exe" /INCREMENTAL /NOLOGO kernel32.lib user32.lib gdi32.lib winspool.lib comdlg32.lib advapi32.lib shell32.lib ole32.lib oleaut32.lib uuid.lib odbc32.lib odbccp32.lib /MANIFEST /MANIFESTUAC:"level='asInvoker' uiAccess='false'" /manifest:embed /DEBUG /PDB:"C:\Users\Aakash\Documents\Visual Studio 2013\Projects\ProjectOOD2\Debug\Executive.pdb" /TLBID:1 /DYNAMICBASE /NXCOMPAT /IMPLIB:"C:\Users\Aakash\Documents\Visual Studio 2013\Projects\ProjectOOD2\Debug\Executive.lib" /MACHINE:X86 Debug\display.obj
         Debug\XmlDocument.obj
         Debug\XmlElement.obj
         Debug\XmlReader.obj
         Debug\Executive.obj
         ProjectOOD2.vcxproj -> C:\Users\Aakash\Documents\Visual Studio 2013\Projects\ProjectOOD2\Debug\Executive.exe
     1>Done Building Project "C:\Users\Aakash\Documents\Visual Studio 2013\Projects\ProjectOOD2\ProjectOOD2\ProjectOOD2.vcxproj" (Rebuild target(s)).

Build succeeded.

Time Elapsed 00:00:02.90
